2024-10-22 16:36:59,504 - INFO - Arguments: directory=/share/movies/Before the World Set on Fire (2023), subtitle_file=/share/movies/Before the World Set on Fire (2023)/Before.the.World.Set.on.Fire.2024.1080p.AMZN.WEB-DL.DDP5.1.H.264-BYNDR[TGx].en.sdh.srt
2024-10-22 16:37:00,286 - INFO - Processed subtitles and created .edl file for /share/movies/Before the World Set on Fire (2023)/Before.the.World.Set.on.Fire.2024.1080p.AMZN.WEB-DL.DDP5.1.H.264-BYNDR[TGx].en.sdh.srt - Success
2024-10-22 16:47:28,345 - INFO - Arguments: directory=/share/movies/Before the World Set on Fire (2023), subtitle_file=/share/movies/Before the World Set on Fire (2023)/Before.the.World.Set.on.Fire.2024.1080p.AMZN.WEB-DL.DDP5.1.H.264-BYNDR[TGx].en.sdh.srt
2024-10-22 16:47:28,408 - INFO - Processed subtitles and created .edl file for /share/movies/Before the World Set on Fire (2023)/Before.the.World.Set.on.Fire.2024.1080p.AMZN.WEB-DL.DDP5.1.H.264-BYNDR[TGx].en.sdh.srt - Success
2024-10-22 16:54:06,932 - INFO - Arguments: directory=/share/movies/Before the World Set on Fire (2023), subtitle_file=/share/movies/Before the World Set on Fire (2023)/Before.the.World.Set.on.Fire.2024.1080p.AMZN.WEB-DL.DDP5.1.H.264-BYNDR[TGx].en.sdh.srt
2024-10-22 16:54:06,987 - INFO - Processed subtitles and created .edl file for /share/movies/Before the World Set on Fire (2023)/Before.the.World.Set.on.Fire.2024.1080p.AMZN.WEB-DL.DDP5.1.H.264-BYNDR[TGx].en.sdh.srt - Success
2024-10-22 17:13:02,988 - INFO - Arguments: directory=/share/movies/Before the World Set on Fire (2023), subtitle_file=/share/movies/Before the World Set on Fire (2023)/Before.the.World.Set.on.Fire.2024.1080p.AMZN.WEB-DL.DDP5.1.H.264-BYNDR[TGx].en.sdh.srt, episode_name=Before.the.World.Set.on.Fire.2024.1080p.AMZN.WEB-DL.DDP5.1.H.264-BYNDR[TGx]
2024-10-22 17:13:03,060 - INFO - Processed subtitles and created .edl file for Before.the.World.Set.on.Fire.2024.1080p.AMZN.WEB-DL.DDP5.1.H.264-BYNDR[TGx] - Success
2024-10-23 03:08:26,026 - INFO - Arguments: directory=/share/tv/Only Murders in the Building/Season 4, subtitle_file=/share/tv/Only Murders in the Building/Season 4/Only.Murders.in.the.Building.S04E09.DV.HDR.2160p.WEB.H265-Succes.en.sdh.srt, episode_name=Only.Murders.in.the.Building.S04E09.DV.HDR.2160p.WEB.H265-Succes
2024-10-23 03:08:28,080 - INFO - Processed subtitles and created .edl file for Only.Murders.in.the.Building.S04E09.DV.HDR.2160p.WEB.H265-Succes - Success
2024-10-23 03:58:27,890 - INFO - Arguments: directory=/share/movies/Brothers (2024), subtitle_file=/share/movies/Brothers (2024)/Brothers.2024.2160p.WEB-DL.HDR10+.ENG.HINDI.DDP5.1.Atmos.H265.MKV-BEN.THE.MEN.en.sdh.srt, episode_name=Brothers.2024.2160p.WEB-DL.HDR10+.ENG.HINDI.DDP5.1.Atmos.H265.MKV-BEN.THE.MEN
2024-10-23 03:58:27,943 - INFO - Processed subtitles and created .edl file for Brothers.2024.2160p.WEB-DL.HDR10+.ENG.HINDI.DDP5.1.Atmos.H265.MKV-BEN.THE.MEN - Success
2024-10-23 04:57:48,872 - INFO - Arguments: directory=/share/movies/Lee.2023.2160p.WEB-DL.SDR.DDP5.1.H265-BEN.THE.MEN, subtitle_file=/share/movies/Lee.2023.2160p.WEB-DL.SDR.DDP5.1.H265-BEN.THE.MEN/Lee.2023.2160p.WEB-DL.SDR[Ben The Men].en.sdh.srt, episode_name=Lee.2023.2160p.WEB-DL.SDR[Ben The Men]
2024-10-23 04:57:49,041 - INFO - Processed subtitles and created .edl file for Lee.2023.2160p.WEB-DL.SDR[Ben The Men] - Success
2024-10-23 06:07:27,257 - INFO - Arguments: directory=/share/movies/Sound of Hope The Story of Possum Trot (2024), subtitle_file=/share/movies/Sound of Hope The Story of Possum Trot (2024)/Sound.of.Hope.The.Story.of.Possum.Trot.2024.1080p.AMZN.WEB-DL.DDP5.1.H.264-FLUX[TGx].en.sdh.srt, episode_name=Sound.of.Hope.The.Story.of.Possum.Trot.2024.1080p.AMZN.WEB-DL.DDP5.1.H.264-FLUX[TGx]
2024-10-23 06:07:27,315 - INFO - Processed subtitles and created .edl file for Sound.of.Hope.The.Story.of.Possum.Trot.2024.1080p.AMZN.WEB-DL.DDP5.1.H.264-FLUX[TGx] - Success
2024-10-24 01:47:56,795 - INFO - Arguments: directory=/share/tv/The Pradeeps of Pittsburgh/Season 1, subtitle_file=/share/tv/The Pradeeps of Pittsburgh/Season 1/The.Pradeeps.of.Pittsburgh.S01E04.Interrogation.Log.4.1080p.AMZN.WEB-DL.DDP5.1.H.264-FLUX.en.sdh.srt, episode_name=The.Pradeeps.of.Pittsburgh.S01E04.Interrogation.Log.4.1080p.AMZN.WEB-DL.DDP5.1.H.264-FLUX
2024-10-24 01:47:56,840 - INFO - Processed subtitles and created .edl file for The.Pradeeps.of.Pittsburgh.S01E04.Interrogation.Log.4.1080p.AMZN.WEB-DL.DDP5.1.H.264-FLUX - Success
2024-10-24 01:49:30,142 - INFO - Arguments: directory=/share/tv/The Pradeeps of Pittsburgh/Season 1, subtitle_file=/share/tv/The Pradeeps of Pittsburgh/Season 1/The.Pradeeps.of.Pittsburgh.S01E05.Interrogation.Log.5.1080p.AMZN.WEB-DL.DDP5.1.H.264-FLUX.en.sdh.srt, episode_name=The.Pradeeps.of.Pittsburgh.S01E05.Interrogation.Log.5.1080p.AMZN.WEB-DL.DDP5.1.H.264-FLUX
2024-10-24 01:49:30,200 - INFO - Processed subtitles and created .edl file for The.Pradeeps.of.Pittsburgh.S01E05.Interrogation.Log.5.1080p.AMZN.WEB-DL.DDP5.1.H.264-FLUX - Success
2024-10-24 01:50:21,399 - INFO - Arguments: directory=/share/tv/The Pradeeps of Pittsburgh/Season 1, subtitle_file=/share/tv/The Pradeeps of Pittsburgh/Season 1/The.Pradeeps.of.Pittsburgh.S01E06.Interrogation.Log.6.1080p.AMZN.WEB-DL.DDP5.1.H.264-FLUX.en.sdh.srt, episode_name=The.Pradeeps.of.Pittsburgh.S01E06.Interrogation.Log.6.1080p.AMZN.WEB-DL.DDP5.1.H.264-FLUX
2024-10-24 01:50:22,795 - INFO - Processed subtitles and created .edl file for The.Pradeeps.of.Pittsburgh.S01E06.Interrogation.Log.6.1080p.AMZN.WEB-DL.DDP5.1.H.264-FLUX - Success
2024-10-24 05:29:58,252 - INFO - Arguments: directory=/share/tv/Territory/Season 1, subtitle_file=/share/tv/Territory/Season 1/territory.2024.s01e01.1080p.web.h264-nhtfs[EZTVx.to].en.sdh.srt, episode_name=territory.2024.s01e01.1080p.web.h264-nhtfs[EZTVx.to]
2024-10-24 05:30:10,572 - INFO - Processed subtitles and created .edl file for territory.2024.s01e01.1080p.web.h264-nhtfs[EZTVx.to] - Success
2024-10-24 05:32:28,938 - INFO - Arguments: directory=/share/tv/Territory/Season 1, subtitle_file=/share/tv/Territory/Season 1/territory.2024.s01e02.1080p.web.h264-lazycunts[EZTVx.to].en.sdh.srt, episode_name=territory.2024.s01e02.1080p.web.h264-lazycunts[EZTVx.to]
2024-10-24 05:32:28,999 - INFO - Processed subtitles and created .edl file for territory.2024.s01e02.1080p.web.h264-lazycunts[EZTVx.to] - Success
2024-10-24 06:47:33,878 - INFO - Arguments: directory=/share/tv/Territory/Season 1, subtitle_file=/share/tv/Territory/Season 1/territory.2024.s01e02.1080p.web.h264-lazycunts[EZTVx.to].en.sdh.srt, episode_name=territory.2024.s01e02.1080p.web.h264-lazycunts[EZTVx.to]
2024-10-24 06:47:33,928 - INFO - Processed subtitles and created .edl file for territory.2024.s01e02.1080p.web.h264-lazycunts[EZTVx.to] - Success
2024-10-24 07:00:15,873 - INFO - Arguments: directory=/share/tv/The Old Man/Season 2, subtitle_file=/share/tv/The Old Man/Season 2/The Old Man S02E06 HDR 2160p WEB H265 OLDMAN TGx.en.sdh.srt, episode_name=The Old Man S02E06 HDR 2160p WEB H265 OLDMAN TGx
2024-10-24 07:00:19,575 - INFO - Processed subtitles and created .edl file for The Old Man S02E06 HDR 2160p WEB H265 OLDMAN TGx - Success
2024-10-24 07:02:34,269 - INFO - Arguments: directory=/share/tv/The Old Man/Season 2, subtitle_file=/share/tv/The Old Man/Season 2/The Old Man S02E07 XIV 1080p AMZN WEB-DL DDP5 1 H 264-NTb.en.sdh.srt, episode_name=The Old Man S02E07 XIV 1080p AMZN WEB-DL DDP5 1 H 264-NTb
2024-10-24 07:02:35,124 - INFO - Processed subtitles and created .edl file for The Old Man S02E07 XIV 1080p AMZN WEB-DL DDP5 1 H 264-NTb - Success
2024-10-26 05:02:00,557 - INFO - Arguments: directory=/share/tv/The Old Man/Season 2, subtitle_file=/share/tv/The Old Man/Season 2/The.Old.Man.S02E01.2160p.WEB.H265-SuccessfulCrab[TGx].en.sdh.srt, episode_name=The.Old.Man.S02E01.2160p.WEB.H265-SuccessfulCrab[TGx]
2024-10-26 05:02:00,652 - INFO - Processed subtitles and created .edl file for The.Old.Man.S02E01.2160p.WEB.H265-SuccessfulCrab[TGx] - Success
2024-10-26 05:26:50,276 - INFO - Arguments: directory=/share/tv/The Old Man/Season 2, subtitle_file=/share/tv/The Old Man/Season 2/The Old Man S02E02 2160p WEB H265 SuccessfulCrab TGx.en.sdh.srt, episode_name=The Old Man S02E02 2160p WEB H265 SuccessfulCrab TGx
2024-10-26 05:26:50,439 - INFO - Processed subtitles and created .edl file for The Old Man S02E02 2160p WEB H265 SuccessfulCrab TGx - Success
2024-10-26 05:27:53,876 - INFO - Arguments: directory=/share/tv/The Old Man/Season 2, subtitle_file=/share/tv/The Old Man/Season 2/The.Old.Man.S02E03.HDR.2160p.WEB.H265-OLDMAN[TGx].en.sdh.srt, episode_name=The.Old.Man.S02E03.HDR.2160p.WEB.H265-OLDMAN[TGx]
2024-10-26 05:27:53,966 - INFO - Processed subtitles and created .edl file for The.Old.Man.S02E03.HDR.2160p.WEB.H265-OLDMAN[TGx] - Success
2024-10-26 06:38:57,661 - INFO - Arguments: directory=/share/tv/The Old Man/Season 2, subtitle_file=/share/tv/The Old Man/Season 2/The.Old.Man.S02E04.HDR.2160p.WEB.H265-OLDMAN[TGx].en.sdh.srt, episode_name=The.Old.Man.S02E04.HDR.2160p.WEB.H265-OLDMAN[TGx]
2024-10-26 06:38:57,769 - INFO - Processed subtitles and created .edl file for The.Old.Man.S02E04.HDR.2160p.WEB.H265-OLDMAN[TGx] - Success
2024-10-26 06:40:17,781 - INFO - Arguments: directory=/share/tv/The Old Man/Season 2, subtitle_file=/share/tv/The Old Man/Season 2/The.Old.Man.S02E05.HDR.2160p.WEB.H265-OLDMAN[TGx].en.sdh.srt, episode_name=The.Old.Man.S02E05.HDR.2160p.WEB.H265-OLDMAN[TGx]
2024-10-26 06:40:17,895 - INFO - Processed subtitles and created .edl file for The.Old.Man.S02E05.HDR.2160p.WEB.H265-OLDMAN[TGx] - Success
2024-10-26 06:41:56,823 - INFO - Arguments: directory=/share/tv/The Old Man/Season 2, subtitle_file=/share/tv/The Old Man/Season 2/The Old Man S02E06 HDR 2160p WEB H265 OLDMAN TGx.en.sdh.srt, episode_name=The Old Man S02E06 HDR 2160p WEB H265 OLDMAN TGx
2024-10-26 06:41:56,921 - INFO - Processed subtitles and created .edl file for The Old Man S02E06 HDR 2160p WEB H265 OLDMAN TGx - Success
2024-10-26 06:43:20,615 - INFO - Arguments: directory=/share/tv/The Old Man/Season 2, subtitle_file=/share/tv/The Old Man/Season 2/The Old Man S02E07 XIV 1080p AMZN WEB-DL DDP5 1 H 264-NTb.en.sdh.srt, episode_name=The Old Man S02E07 XIV 1080p AMZN WEB-DL DDP5 1 H 264-NTb
2024-10-26 06:43:20,736 - INFO - Processed subtitles and created .edl file for The Old Man S02E07 XIV 1080p AMZN WEB-DL DDP5 1 H 264-NTb - Success
2024-10-26 06:44:28,747 - INFO - Arguments: directory=/share/tv/The Old Man/Season 2, subtitle_file=/share/tv/The Old Man/Season 2/The.Old.Man.S02E08.1080p.WEB.H264-SuccessfulCrab[TGx].en.sdh.srt, episode_name=The.Old.Man.S02E08.1080p.WEB.H264-SuccessfulCrab[TGx]
2024-10-26 06:44:28,829 - INFO - Processed subtitles and created .edl file for The.Old.Man.S02E08.1080p.WEB.H264-SuccessfulCrab[TGx] - Success
2024-10-27 07:56:18,725 - INFO - Arguments: directory=/share/tv/Shrinking/Season 2, subtitle_file=/share/tv/Shrinking/Season 2/shrinking.s02e03.1080p.web.h264-successfulcrab[EZTVx.to].en.sdh.srt, episode_name=shrinking.s02e03.1080p.web.h264-successfulcrab[EZTVx.to]
2024-10-27 07:56:18,768 - INFO - Processed subtitles and created .edl file for shrinking.s02e03.1080p.web.h264-successfulcrab[EZTVx.to] - Success
2024-10-29 15:54:19,920 - INFO - Arguments: directory=/share/movies/The Critic (2024), subtitle_file=/share/movies/The Critic (2024)/The.Critic.2023.2160p.WEB.H265-MatureStylishMastodonOfBliss[TGx].en.sdh.srt, episode_name=The.Critic.2023.2160p.WEB.H265-MatureStylishMastodonOfBliss[TGx]
2024-10-29 15:54:20,015 - INFO - Processed subtitles and created .edl file for The.Critic.2023.2160p.WEB.H265-MatureStylishMastodonOfBliss[TGx] - Success
2024-10-29 21:45:50,096 - INFO - Arguments: directory=/share/tv/The Old Man/Season 2, subtitle_file=/share/tv/The Old Man/Season 2/The.Old.Man.S02E05.HDR.2160p.WEB.H265-OLDMAN[TGx].en.sdh.srt, episode_name=The.Old.Man.S02E05.HDR.2160p.WEB.H265-OLDMAN[TGx]
2024-10-29 21:45:50,192 - INFO - Processed subtitles and created .edl file for The.Old.Man.S02E05.HDR.2160p.WEB.H265-OLDMAN[TGx] - Success
2024-10-29 22:59:09,044 - INFO - Arguments: directory=/share/tv/The Old Man/Season 2, subtitle_file=/share/tv/The Old Man/Season 2/The Old Man S02E06 HDR 2160p WEB H265 OLDMAN TGx.en.sdh.srt, episode_name=The Old Man S02E06 HDR 2160p WEB H265 OLDMAN TGx
2024-10-29 22:59:09,134 - INFO - Processed subtitles and created .edl file for The Old Man S02E06 HDR 2160p WEB H265 OLDMAN TGx - Success
2024-10-29 23:52:28,527 - INFO - Arguments: directory=/share/tv/The Old Man/Season 2, subtitle_file=/share/tv/The Old Man/Season 2/The Old Man S02E06 HDR 2160p WEB H265 OLDMAN TGx.en.sdh.srt, episode_name=The Old Man S02E06 HDR 2160p WEB H265 OLDMAN TGx
2024-10-29 23:52:28,617 - INFO - Processed subtitles and created .edl file for The Old Man S02E06 HDR 2160p WEB H265 OLDMAN TGx - Success
2024-10-29 23:55:10,976 - INFO - Arguments: directory=/share/tv/The Old Man/Season 2, subtitle_file=/share/tv/The Old Man/Season 2/The.Old.Man.S02E07.XIV.2160p.DSNP.WEB-DL.DDP5.1.DV.HDR.H265-G66.en.sdh.srt, episode_name=The.Old.Man.S02E07.XIV.2160p.DSNP.WEB-DL.DDP5.1.DV.HDR.H265-G66
2024-10-29 23:55:11,112 - INFO - Processed subtitles and created .edl file for The.Old.Man.S02E07.XIV.2160p.DSNP.WEB-DL.DDP5.1.DV.HDR.H265-G66 - Success
2024-10-30 05:21:43,545 - INFO - Arguments: directory=/share/tv/The Old Man/Season 2, subtitle_file=/share/tv/The Old Man/Season 2/The.Old.Man.S02E08.XV.2160p.DSNP.WEB-DL.DDP5.1.DV.HDR.H265-G66.en.sdh.srt, episode_name=The.Old.Man.S02E08.XV.2160p.DSNP.WEB-DL.DDP5.1.DV.HDR.H265-G66
2024-10-30 05:21:43,660 - INFO - Processed subtitles and created .edl file for The.Old.Man.S02E08.XV.2160p.DSNP.WEB-DL.DDP5.1.DV.HDR.H265-G66 - Success
2024-10-30 07:11:23,238 - INFO - Arguments: directory=/share/tv/Jack Whitehall - Fatherhood with My Father/Season 1, subtitle_file=/share/tv/Jack Whitehall - Fatherhood with My Father/Season 1/[.Ep1] Jack Whitehall - Fatherhood with My Father - Birth.en.sdh.srt, episode_name=[.Ep1] Jack Whitehall - Fatherhood with My Father - Birth
2024-10-30 07:11:23,284 - INFO - Processed subtitles and created .edl file for [.Ep1] Jack Whitehall - Fatherhood with My Father - Birth - Success
2024-10-30 07:15:53,698 - INFO - Arguments: directory=/share/tv/Jack Whitehall - Fatherhood with My Father/Season 1, subtitle_file=/share/tv/Jack Whitehall - Fatherhood with My Father/Season 1/Jack.Whitehall.Fatherhood.with.My.Father.S01E02.1080p.WEB.h264-EDITH[EZTVx.to].en.sdh.srt, episode_name=Jack.Whitehall.Fatherhood.with.My.Father.S01E02.1080p.WEB.h264-EDITH[EZTVx.to]
2024-10-30 07:15:53,790 - INFO - Processed subtitles and created .edl file for Jack.Whitehall.Fatherhood.with.My.Father.S01E02.1080p.WEB.h264-EDITH[EZTVx.to] - Success
2024-10-30 07:16:17,278 - INFO - Arguments: directory=/share/tv/Jack Whitehall - Fatherhood with My Father/Season 1, subtitle_file=/share/tv/Jack Whitehall - Fatherhood with My Father/Season 1/[.Ep3] Jack Whitehall - Fatherhood with My Father - Survival.en.sdh.srt, episode_name=[.Ep3] Jack Whitehall - Fatherhood with My Father - Survival
2024-10-30 07:16:17,364 - INFO - Processed subtitles and created .edl file for [.Ep3] Jack Whitehall - Fatherhood with My Father - Survival - Success
2024-10-30 07:17:00,285 - INFO - Arguments: directory=/share/tv/Jack Whitehall - Fatherhood with My Father/Season 1, subtitle_file=/share/tv/Jack Whitehall - Fatherhood with My Father/Season 1/Jack.Whitehall.Fatherhood.with.My.Father.S01E04.1080p.WEB.h264-EDITH[EZTVx.to].en.sdh.srt, episode_name=Jack.Whitehall.Fatherhood.with.My.Father.S01E04.1080p.WEB.h264-EDITH[EZTVx.to]
2024-10-30 07:17:00,454 - INFO - Processed subtitles and created .edl file for Jack.Whitehall.Fatherhood.with.My.Father.S01E04.1080p.WEB.h264-EDITH[EZTVx.to] - Success
2024-10-30 18:52:32,795 - INFO - Arguments: directory=/share/movies/Valentine's Town (2024), subtitle_file=/share/movies/Valentine's Town (2024)/Valentines Town 2024 1080p WEB DL HEVC x265 5 1 BONE.en.sdh.srt, episode_name=Valentines Town 2024 1080p WEB DL HEVC x265 5 1 BONE
2024-10-30 18:52:34,341 - INFO - Processed subtitles and created .edl file for Valentines Town 2024 1080p WEB DL HEVC x265 5 1 BONE - Success
2024-10-30 23:10:40,202 - INFO - Arguments: directory=/share/tv/Shrinking/Season 2, subtitle_file=/share/tv/Shrinking/Season 2/Shrinking.S02E04.HDR.2160p.WEB.H265-SuccessfulCrab[TGx].en.sdh.srt, episode_name=Shrinking.S02E04.HDR.2160p.WEB.H265-SuccessfulCrab[TGx]
2024-10-30 23:10:40,284 - INFO - Processed subtitles and created .edl file for Shrinking.S02E04.HDR.2160p.WEB.H265-SuccessfulCrab[TGx] - Success
2024-10-31 07:15:01,127 - INFO - Arguments: directory=/share/tv/The Lincoln Lawyer/Season 3, subtitle_file=/share/tv/The Lincoln Lawyer/Season 3/The.Lincoln.Lawyer.S03E02.Special.Circumstances.1080p.NF.WEB-DL.DDP5.1.Atmos.H.264-FLUX.en.sdh.srt, episode_name=The.Lincoln.Lawyer.S03E02.Special.Circumstances.1080p.NF.WEB-DL.DDP5.1.Atmos.H.264-FLUX
2024-10-31 07:15:01,224 - INFO - Processed subtitles and created .edl file for The.Lincoln.Lawyer.S03E02.Special.Circumstances.1080p.NF.WEB-DL.DDP5.1.Atmos.H.264-FLUX - Success
2024-10-31 07:15:59,540 - INFO - Arguments: directory=/share/tv/The Lincoln Lawyer/Season 3, subtitle_file=/share/tv/The Lincoln Lawyer/Season 3/The.Lincoln.Lawyer.S03E03.Strange.Bedfellows.1080p.NF.WEB-DL.DDP5.1.Atmos.H.264-FLUX.en.sdh.srt, episode_name=The.Lincoln.Lawyer.S03E03.Strange.Bedfellows.1080p.NF.WEB-DL.DDP5.1.Atmos.H.264-FLUX
2024-10-31 07:15:59,622 - INFO - Processed subtitles and created .edl file for The.Lincoln.Lawyer.S03E03.Strange.Bedfellows.1080p.NF.WEB-DL.DDP5.1.Atmos.H.264-FLUX - Success
2024-10-31 07:17:02,655 - INFO - Arguments: directory=/share/tv/The Lincoln Lawyer/Season 3, subtitle_file=/share/tv/The Lincoln Lawyer/Season 3/The.Lincoln.Lawyer.S03E04.Rearview.Blind.Spots.1080p.NF.WEB-DL.DDP5.1.Atmos.H.264-FLUX.en.sdh.srt, episode_name=The.Lincoln.Lawyer.S03E04.Rearview.Blind.Spots.1080p.NF.WEB-DL.DDP5.1.Atmos.H.264-FLUX
2024-10-31 07:17:02,784 - INFO - Processed subtitles and created .edl file for The.Lincoln.Lawyer.S03E04.Rearview.Blind.Spots.1080p.NF.WEB-DL.DDP5.1.Atmos.H.264-FLUX - Success
2024-10-31 07:18:34,474 - INFO - Arguments: directory=/share/tv/The Lincoln Lawyer/Season 3, subtitle_file=/share/tv/The Lincoln Lawyer/Season 3/The.Lincoln.Lawyer.S03E05.What.Happens.in.Victorville.1080p.NF.WEB-DL.DDP5.1.Atmos.H.264-FLUX.en.sdh.srt, episode_name=The.Lincoln.Lawyer.S03E05.What.Happens.in.Victorville.1080p.NF.WEB-DL.DDP5.1.Atmos.H.264-FLUX
2024-10-31 07:18:34,606 - INFO - Processed subtitles and created .edl file for The.Lincoln.Lawyer.S03E05.What.Happens.in.Victorville.1080p.NF.WEB-DL.DDP5.1.Atmos.H.264-FLUX - Success
2024-10-31 07:19:56,406 - INFO - Arguments: directory=/share/tv/The Lincoln Lawyer/Season 3, subtitle_file=/share/tv/The Lincoln Lawyer/Season 3/The.Lincoln.Lawyer.S03E06.Man.on.Fire.1080p.NF.WEB-DL.DDP5.1.Atmos.H.264-FLUX.en.sdh.srt, episode_name=The.Lincoln.Lawyer.S03E06.Man.on.Fire.1080p.NF.WEB-DL.DDP5.1.Atmos.H.264-FLUX
2024-10-31 07:19:56,515 - INFO - Processed subtitles and created .edl file for The.Lincoln.Lawyer.S03E06.Man.on.Fire.1080p.NF.WEB-DL.DDP5.1.Atmos.H.264-FLUX - Success
2024-10-31 07:20:52,662 - INFO - Arguments: directory=/share/tv/The Lincoln Lawyer/Season 3, subtitle_file=/share/tv/The Lincoln Lawyer/Season 3/The.Lincoln.Lawyer.S03E07.Relevance.1080p.NF.WEB-DL.DDP5.1.Atmos.H.264-FLUX.en.sdh.srt, episode_name=The.Lincoln.Lawyer.S03E07.Relevance.1080p.NF.WEB-DL.DDP5.1.Atmos.H.264-FLUX
2024-10-31 07:20:52,762 - INFO - Processed subtitles and created .edl file for The.Lincoln.Lawyer.S03E07.Relevance.1080p.NF.WEB-DL.DDP5.1.Atmos.H.264-FLUX - Success
2024-10-31 07:21:08,124 - INFO - Arguments: directory=/share/tv/The Lincoln Lawyer/Season 3, subtitle_file=/share/tv/The Lincoln Lawyer/Season 3/The.Lincoln.Lawyer.S03E07.Relevance.1080p.NF.WEB-DL.DDP5.1.Atmos.H.264-FLUX.en.sdh.srt, episode_name=The.Lincoln.Lawyer.S03E07.Relevance.1080p.NF.WEB-DL.DDP5.1.Atmos.H.264-FLUX
2024-10-31 07:21:08,203 - INFO - Processed subtitles and created .edl file for The.Lincoln.Lawyer.S03E07.Relevance.1080p.NF.WEB-DL.DDP5.1.Atmos.H.264-FLUX - Success
2024-10-31 07:22:01,716 - INFO - Arguments: directory=/share/tv/The Lincoln Lawyer/Season 3, subtitle_file=/share/tv/The Lincoln Lawyer/Season 3/The.Lincoln.Lawyer.S03E08.Mystery.Man.1080p.NF.WEB-DL.DDP5.1.Atmos.H.264-FLUX.en.sdh.srt, episode_name=The.Lincoln.Lawyer.S03E08.Mystery.Man.1080p.NF.WEB-DL.DDP5.1.Atmos.H.264-FLUX
2024-10-31 07:22:01,759 - INFO - Processed subtitles and created .edl file for The.Lincoln.Lawyer.S03E08.Mystery.Man.1080p.NF.WEB-DL.DDP5.1.Atmos.H.264-FLUX - Success
2024-10-31 07:22:57,110 - INFO - Arguments: directory=/share/tv/The Lincoln Lawyer/Season 3, subtitle_file=/share/tv/The Lincoln Lawyer/Season 3/The.Lincoln.Lawyer.S03E09.Ghosts.1080p.NF.WEB-DL.DDP5.1.Atmos.H.264-FLUX.en.sdh.srt, episode_name=The.Lincoln.Lawyer.S03E09.Ghosts.1080p.NF.WEB-DL.DDP5.1.Atmos.H.264-FLUX
2024-10-31 07:22:57,202 - INFO - Processed subtitles and created .edl file for The.Lincoln.Lawyer.S03E09.Ghosts.1080p.NF.WEB-DL.DDP5.1.Atmos.H.264-FLUX - Success
2024-10-31 07:23:51,911 - INFO - Arguments: directory=/share/tv/The Lincoln Lawyer/Season 3, subtitle_file=/share/tv/The Lincoln Lawyer/Season 3/The.Lincoln.Lawyer.S03E10.The.Gods.of.Guilt.1080p.NF.WEB-DL.DDP5.1.Atmos.H.264-FLUX.en.sdh.srt, episode_name=The.Lincoln.Lawyer.S03E10.The.Gods.of.Guilt.1080p.NF.WEB-DL.DDP5.1.Atmos.H.264-FLUX
2024-10-31 07:23:51,997 - INFO - Processed subtitles and created .edl file for The.Lincoln.Lawyer.S03E10.The.Gods.of.Guilt.1080p.NF.WEB-DL.DDP5.1.Atmos.H.264-FLUX - Success
2024-11-01 00:00:08,051 - INFO - Arguments: directory=/share/tv/Ordeal by Innocence/Season 1, subtitle_file=/share/tv/Ordeal by Innocence/Season 1/Ordeal by Innocence (2018) - S01E01 - Episode 1 (1080p AMZN WEB-DL x265 MONOLITH).en.sdh.srt, episode_name=Ordeal by Innocence (2018) - S01E01 - Episode 1 (1080p AMZN WEB-DL x265 MONOLITH)
2024-11-01 00:00:08,099 - INFO - Processed subtitles and created .edl file for Ordeal by Innocence (2018) - S01E01 - Episode 1 (1080p AMZN WEB-DL x265 MONOLITH) - Success
2024-11-01 00:00:40,857 - INFO - Arguments: directory=/share/tv/Ordeal by Innocence/Season 1, subtitle_file=/share/tv/Ordeal by Innocence/Season 1/Ordeal by Innocence (2018) - S01E02 - Episode 2 (1080p AMZN WEB-DL x265 MONOLITH).en.sdh.srt, episode_name=Ordeal by Innocence (2018) - S01E02 - Episode 2 (1080p AMZN WEB-DL x265 MONOLITH)
2024-11-01 00:00:40,943 - INFO - Processed subtitles and created .edl file for Ordeal by Innocence (2018) - S01E02 - Episode 2 (1080p AMZN WEB-DL x265 MONOLITH) - Success
